--- 1. ADDRESSES - CREATE ---
{"id":6,"user":7,"user_name":"Final Test","address_type":"home","address_line1":"Test Street","address_line2":"","area":"","city":"Solapur","pincode":"123456","is_default":false,"created_at":"2026-04-02T10:26:10.022703Z","updated_at":"2026-04-02T10:26:10.022718Z"}

--- 2. ADDRESSES - GET USER ---
[{"id":6,"user":7,"user_name":"Final Test","address_type":"home","address_line1":"Test Street","address_line2":"","area":"","city":"Solapur","pincode":"123456","is_default":false,"created_at":"2026-04-02T10:26:10.022703Z","updated_at":"2026-04-02T10:26:10.022718Z"}]

--- 3. PROVIDER STATUS - WA SENT ---
{"message":"WhatsApp status updated"}

--- 4. PROVIDER STATUS - GET ---
[{"id":13,"provider_name":"Amit Sharma","user_name":"Final Test","wa_sent":true,"availability":null,"confirmed":false,"description":null,"created_at":"2026-04-02T10:26:10.576470Z","provider":7,"user":7}]

--- 5. BOOKING - CREATE ---
<!DOCTYPE html>
<html lang="en">
<head>
  <meta http-equiv="content-type" content="text/html; charset=utf-8">
  <title>Page not found at /api/bookings/create/</title>
  <meta name="robots" content="NONE,NOARCHIVE">
  <style>
    html * { padding:0; margin:0; }
    body * { padding:10px 20px; }
    body * * { padding:0; }
    body { font-family: sans-serif; background:#eee; color:#000; }
    body > :where(header, main, footer) { border-bottom:1px solid #ddd; }
    h1 { font-weight:normal; margin-bottom:.4em; }
    h1 small { font-size:60%; color:#666; font-weight:normal; }
    table { border:none; border-collapse: collapse; width:100%; }
    td, th { vertical-align:top; padding:2px 3px; }
    th { width:12em; text-align:right; color:#666; padding-right:.5em; }
    #info { background:#f6f6f6; }
    #info ol { margin: 0.5em 4em; }
    #info ol li { font-family: monospace; }
    #summary { background: #ffc; }
    #explanation { background:#eee; border-bottom: 0px none; }
    pre.exception_value { font-family: sans-serif; color: #575757; font-size: 1.5em; margin: 10px 0 10px 0; }
  </style>
</head>
<body>
  <header id="summary">
    <h1>Page not found <small>(404)</small></h1>
    
    <table class="meta">
      <tr>
        <th scope="row">Request Method:</th>
        <td>POST</td>
      </tr>
      <tr>
        <th scope="row">Request URL:</th>
        <td>http://127.0.0.1:8000/api/bookings/create/</td>
      </tr>
      
    </table>
  </header>

  <main id="info">
    
      <p>
      Using the URLconf defined in <code>serveasy_project.urls</code>,
      Django tried these URL patterns, in this order:
      </p>
      <ol>
        
          <li>
            
              <code>
                admin/
                
              </code>
            
          </li>
        
          <li>
            
              <code>
                api/
                
              </code>
            
              <code>
                auth/register/
                [name='register']
              </code>
            
          </li>
        
          <li>
            
              <code>
                api/
                
              </code>
            
              <code>
                auth/login/
                [name='login']
              </code>
            
          </li>
        
          <li>
            
              <code>
                api/
                
              </code>
            
              <code>
                verify-otp/
                
              </code>
            
          </li>
        
          <li>
            
              <code>
                api/
                
              </code>
            
              <code>
                resend-otp/
                
              </code>
            
          </li>
        
          <li>
            
              <code>
                api/
                
              </code>
            
              <code>
                users/&lt;int:id&gt;/
                [name='get_user']
              </code>
            
          </li>
        
          <li>
            
              <code>
                api/
                
              </code>
            
              <code>
                users/&lt;int:id&gt;/update/
                [name='update_user']
              </code>
            
          </li>
        
          <li>
            
              <code>
                api/
                
              </code>
            
              <code>
                services/
                [name='get_services']
              </code>
            
          </li>
        
          <li>
            
              <code>
                api/
                
              </code>
            
              <code>
                services/&lt;int:pk&gt;/
                [name='service_detail']
              </code>
            
          </li>
        
          <li>
            
              <code>
                api/
                
              </code>
            
              <code>
                providers/
                [name='get_providers']
              </code>
            
          </li>
        
          <li>
            
              <code>
                api/
                
              </code>
            
              <code>
                providers/service/&lt;int:service_id&gt;/
                [name='providers_by_service']
              </code>
            
          </li>
        
          <li>
            
              <code>
                api/
                
              </code>
            
              <code>
                providers/&lt;int:pk&gt;/
                [name='provider_detail']
              </code>
            
          </li>
        
          <li>
            
              <code>
                api/
                
              </code>
            
              <code>
                addresses/
                [name='get_all_addresses']
              </code>
            
          </li>
        
          <li>
            
              <code>
                api/
                
              </code>
            
              <code>
                addresses/create/
                [name='create_address']
              </code>
            
          </li>
        
          <li>
            
              <code>
                api/
                
              </code>
            
              <code>
                addresses/user/&lt;int:user_id&gt;/
                [name='user_addresses']
              </code>
            
          </li>
        
          <li>
            
              <code>
                api/
                
              </code>
            
              <code>
                addresses/&lt;int:pk&gt;/
                [name='address_detail']
              </code>
            
          </li>
        
          <li>
            
              <code>
                api/
                
              </code>
            
              <code>
                provider-status/&lt;int:provider_id&gt;/wa-sent/
                [name='save_wa_sent']
              </code>
            
          </li>
        
          <li>
            
              <code>
                api/
                
              </code>
            
              <code>
                provider-status/&lt;int:provider_id&gt;/response/
                [name='save_provider_response']
              </code>
            
          </li>
        
          <li>
            
              <code>
                api/
                
              </code>
            
              <code>
                provider-status/&lt;int:provider_id&gt;/confirm/
                [name='confirm_provider']
              </code>
            
          </li>
        
          <li>
            
              <code>
                api/
                
              </code>
            
              <code>
                provider-status/
                [name='get_provider_status']
              </code>
            
          </li>
        
          <li>
            
              <code>
                api/
                
              </code>
            
              <code>
                services
                
              </code>
            
          </li>
        
          <li>
            
              <code>
                api/
                
              </code>
            
              <code>
                services/&lt;int:id&gt;
                
              </code>
            
          </li>
        
          <li>
            
              <code>
                api/
                
              </code>
            
              <code>
                services/delete/&lt;int:id&gt;
                
              </code>
            
          </li>
        
          <li>
            
              <code>
                api/
                
              </code>
            
              <code>
                services/all
                
              </code>
            
          </li>
        
          <li>
            
              <code>
                api/
                
              </code>
            
              <code>
                providers
                
              </code>
            
          </li>
        
          <li>
            
              <code>
                api/
                
              </code>
            
              <code>
                providers/&lt;int:id&gt;
                
              </code>
            
          </li>
        
          <li>
            
              <code>
                api/
                
              </code>
            
              <code>
                providers/delete/&lt;int:id&gt;
                
              </code>
            
          </li>
        
          <li>
            
              <code>
                api/
                
              </code>
            
              <code>
                providers/all
                
              </code>
            
          </li>
        
      </ol>
      <p>
        
          The current path, <code>api/bookings/create/</code>,
        
        didn’t match any of these.
      </p>
    
  </main>

  <footer id="explanation">
    <p>
      You’re seeing this error because you have <code>DEBUG = True</code> in
      your Django settings file. Change that to <code>False</code>, and Django
      will display a standard 404 page.
    </p>
  </footer>
</body>
</html>


--- 6. USER - UPDATE PROFILE ---
{"message":"Profile updated.","user":{"id":7,"name":"Final Verified User","phone":"1231231234","email":"final@example.com","title":"","address_line":"","city":"","area":"","pin_code":"","created_at":"2026-04-02T10:23:54.122559Z"}}--- 5. BOOKING - CREATE (RETRY) ---
{"id":2,"service":"Cleaning","address":"Test Street","description":null,"providers":[7],"status":"pending","created_at":"2026-04-02T10:27:33.597849Z","user":7}

--- 7. RESPOND VIA LINK (RETRY) ---
<h2>✅ Response recorded. Thank you!</h2>